<?xml version="1.0" encoding="utf-8" standalone="no"?>
<!--This file represents the results of running a test suite-->
<test-results name="/home/robashton/src/leveldbuse/csharp/Test.dll" total="6" errors="0" failures="0" not-run="0" inconclusive="0" ignored="0" skipped="0" invalid="0" date="2013-02-16" time="15:47:30">
  <environment nunit-version="2.6.0.0" clr-version="4.0.30319.1" os-version="Unix 3.2.0.3" platform="Unix" cwd="/home/robashton/src/leveldbuse/csharp" machine-name="ashton-mba" user="robashton" user-domain="ashton-mba" />
  <culture-info current-culture="en-GB" current-uiculture="en-GB" />
  <test-suite type="Assembly" name="/home/robashton/src/leveldbuse/csharp/Test.dll" executed="True" result="Success" success="True" time="0.066" asserts="0">
    <results>
      <test-suite type="TestFixture" name="Tests" executed="True" result="Success" success="True" time="0.059" asserts="0">
        <results>
          <test-case name="Tests.A_concurrency_exception_leaves_the_database_in_a_usable_state" executed="True" result="Success" success="True" time="0.032" asserts="2" />
          <test-case name="Tests.Can_delete_single_document" executed="True" result="Success" success="True" time="0.003" asserts="1" />
          <test-case name="Tests.Can_store_multiple_document" executed="True" result="Success" success="True" time="0.001" asserts="2" />
          <test-case name="Tests.Can_store_single_document" executed="True" result="Success" success="True" time="0.001" asserts="1" />
          <test-case name="Tests.Deleting_updating_document_before_update_transaction_is_closed_throws_exception" executed="True" result="Success" success="True" time="0.001" asserts="1" />
          <test-case name="Tests.Putting_two_documents_with_same_key_in_overlapping_transactions_throws_exception" executed="True" result="Success" success="True" time="0.001" asserts="1" />
        </results>
      </test-suite>
    </results>
  </test-suite>
</test-results>